2022-01-17 15:57:28.971 +03 [5348] LOG:  starting PostgreSQL 14.1, compiled by Visual C++ build 1914, 64-bit
2022-01-17 15:57:28.981 +03 [5348] LOG:  listening on IPv6 address "::", port 5432
2022-01-17 15:57:28.981 +03 [5348] LOG:  listening on IPv4 address "0.0.0.0", port 5432
2022-01-17 15:57:29.790 +03 [5752] LOG:  database system was shut down at 2022-01-17 15:55:45 +03
2022-01-17 15:57:30.795 +03 [5348] LOG:  database system is ready to accept connections
2022-01-17 22:51:17.650 +03 [5904] LOG:  using stale statistics instead of current ones because stats collector is not responding
2022-01-17 22:51:28.626 +03 [10628] LOG:  using stale statistics instead of current ones because stats collector is not responding
2022-01-17 22:52:48.088 +03 [5904] LOG:  using stale statistics instead of current ones because stats collector is not responding
2022-01-17 22:52:58.906 +03 [11304] LOG:  using stale statistics instead of current ones because stats collector is not responding
2022-01-17 22:53:17.106 +03 [5904] LOG:  using stale statistics instead of current ones because stats collector is not responding
2022-01-17 22:53:27.799 +03 [11896] LOG:  using stale statistics instead of current ones because stats collector is not responding
2022-01-17 22:53:46.952 +03 [5904] LOG:  using stale statistics instead of current ones because stats collector is not responding
2022-01-17 22:53:57.577 +03 [11652] LOG:  using stale statistics instead of current ones because stats collector is not responding
2022-01-17 22:54:17.256 +03 [5904] LOG:  using stale statistics instead of current ones because stats collector is not responding
2022-01-17 22:54:27.920 +03 [7024] LOG:  using stale statistics instead of current ones because stats collector is not responding
2022-01-17 22:54:47.230 +03 [5904] LOG:  using stale statistics instead of current ones because stats collector is not responding
2022-01-17 22:54:57.878 +03 [6372] LOG:  using stale statistics instead of current ones because stats collector is not responding
2022-01-17 22:55:17.168 +03 [5904] LOG:  using stale statistics instead of current ones because stats collector is not responding
2022-01-17 22:55:27.744 +03 [6816] LOG:  using stale statistics instead of current ones because stats collector is not responding
2022-01-17 22:55:47.128 +03 [5904] LOG:  using stale statistics instead of current ones because stats collector is not responding
2022-01-17 22:55:57.711 +03 [5180] LOG:  using stale statistics instead of current ones because stats collector is not responding
2022-01-17 22:56:17.123 +03 [5904] LOG:  using stale statistics instead of current ones because stats collector is not responding
2022-01-17 22:56:27.683 +03 [3940] LOG:  using stale statistics instead of current ones because stats collector is not responding
2022-01-17 22:56:47.134 +03 [5904] LOG:  using stale statistics instead of current ones because stats collector is not responding
2022-01-17 22:56:57.697 +03 [12460] LOG:  using stale statistics instead of current ones because stats collector is not responding
2022-01-17 22:57:17.246 +03 [5904] LOG:  using stale statistics instead of current ones because stats collector is not responding
2022-01-17 22:57:27.820 +03 [4216] LOG:  using stale statistics instead of current ones because stats collector is not responding
2022-01-17 22:57:47.222 +03 [5904] LOG:  using stale statistics instead of current ones because stats collector is not responding
2022-01-17 22:57:57.808 +03 [5440] LOG:  using stale statistics instead of current ones because stats collector is not responding
2022-01-17 22:58:17.320 +03 [5904] LOG:  using stale statistics instead of current ones because stats collector is not responding
2022-01-17 22:58:28.488 +03 [12508] LOG:  using stale statistics instead of current ones because stats collector is not responding
2022-01-17 22:58:49.159 +03 [5904] LOG:  using stale statistics instead of current ones because stats collector is not responding
2022-01-17 22:59:00.005 +03 [7112] LOG:  using stale statistics instead of current ones because stats collector is not responding
2022-01-17 22:59:17.402 +03 [5904] LOG:  using stale statistics instead of current ones because stats collector is not responding
2022-01-17 22:59:29.669 +03 [2424] LOG:  using stale statistics instead of current ones because stats collector is not responding
2022-01-17 22:59:47.400 +03 [5904] LOG:  using stale statistics instead of current ones because stats collector is not responding
2022-01-17 22:59:58.074 +03 [13176] LOG:  using stale statistics instead of current ones because stats collector is not responding
2022-01-17 23:00:18.415 +03 [5904] LOG:  using stale statistics instead of current ones because stats collector is not responding
2022-01-17 23:00:29.176 +03 [13252] LOG:  using stale statistics instead of current ones because stats collector is not responding
2022-01-17 23:00:47.686 +03 [5904] LOG:  using stale statistics instead of current ones because stats collector is not responding
2022-01-17 23:00:58.321 +03 [7472] LOG:  using stale statistics instead of current ones because stats collector is not responding
2022-01-17 23:01:17.511 +03 [5904] LOG:  using stale statistics instead of current ones because stats collector is not responding
2022-01-17 23:01:28.019 +03 [8524] LOG:  using stale statistics instead of current ones because stats collector is not responding
2022-01-17 23:01:47.600 +03 [5904] LOG:  using stale statistics instead of current ones because stats collector is not responding
2022-01-17 23:01:58.267 +03 [13008] LOG:  using stale statistics instead of current ones because stats collector is not responding
2022-01-17 23:02:17.622 +03 [5904] LOG:  using stale statistics instead of current ones because stats collector is not responding
2022-01-17 23:02:28.224 +03 [12604] LOG:  using stale statistics instead of current ones because stats collector is not responding
2022-01-17 23:02:47.616 +03 [5904] LOG:  using stale statistics instead of current ones because stats collector is not responding
2022-01-17 23:02:58.144 +03 [8012] LOG:  using stale statistics instead of current ones because stats collector is not responding
2022-01-17 23:03:17.662 +03 [5904] LOG:  using stale statistics instead of current ones because stats collector is not responding
2022-01-17 23:03:28.209 +03 [11972] LOG:  using stale statistics instead of current ones because stats collector is not responding
2022-01-17 23:03:47.743 +03 [5904] LOG:  using stale statistics instead of current ones because stats collector is not responding
2022-01-17 23:03:58.287 +03 [5492] LOG:  using stale statistics instead of current ones because stats collector is not responding
2022-01-17 23:04:17.758 +03 [5904] LOG:  using stale statistics instead of current ones because stats collector is not responding
2022-01-17 23:04:28.320 +03 [8696] LOG:  using stale statistics instead of current ones because stats collector is not responding
2022-01-17 23:04:47.895 +03 [5904] LOG:  using stale statistics instead of current ones because stats collector is not responding
2022-01-17 23:04:58.514 +03 [11312] LOG:  using stale statistics instead of current ones because stats collector is not responding
2022-01-17 23:05:19.502 +03 [5904] LOG:  using stale statistics instead of current ones because stats collector is not responding
2022-01-17 23:05:30.126 +03 [5544] LOG:  using stale statistics instead of current ones because stats collector is not responding
2022-01-17 23:05:48.076 +03 [5904] LOG:  using stale statistics instead of current ones because stats collector is not responding
2022-01-17 23:05:58.661 +03 [6928] LOG:  using stale statistics instead of current ones because stats collector is not responding
2022-01-17 23:06:18.063 +03 [5904] LOG:  using stale statistics instead of current ones because stats collector is not responding
2022-01-17 23:06:28.640 +03 [9828] LOG:  using stale statistics instead of current ones because stats collector is not responding
2022-01-17 23:06:48.077 +03 [5904] LOG:  using stale statistics instead of current ones because stats collector is not responding
2022-01-17 23:06:58.671 +03 [4908] LOG:  using stale statistics instead of current ones because stats collector is not responding
2022-01-17 23:07:18.158 +03 [5904] LOG:  using stale statistics instead of current ones because stats collector is not responding
2022-01-17 23:07:28.820 +03 [10632] LOG:  using stale statistics instead of current ones because stats collector is not responding
2022-01-17 23:07:48.536 +03 [5904] LOG:  using stale statistics instead of current ones because stats collector is not responding
2022-01-17 23:07:59.664 +03 [1240] LOG:  using stale statistics instead of current ones because stats collector is not responding
2022-01-17 23:08:18.696 +03 [5904] LOG:  using stale statistics instead of current ones because stats collector is not responding
2022-01-17 23:08:29.863 +03 [11256] LOG:  using stale statistics instead of current ones because stats collector is not responding
2022-01-17 23:08:49.170 +03 [5904] LOG:  using stale statistics instead of current ones because stats collector is not responding
2022-01-17 23:08:59.804 +03 [11136] LOG:  using stale statistics instead of current ones because stats collector is not responding
2022-01-17 23:09:18.211 +03 [5904] LOG:  using stale statistics instead of current ones because stats collector is not responding
2022-01-17 23:09:29.278 +03 [4772] LOG:  using stale statistics instead of current ones because stats collector is not responding
2022-01-17 23:09:48.383 +03 [5904] LOG:  using stale statistics instead of current ones because stats collector is not responding
2022-01-17 23:09:59.154 +03 [10796] LOG:  using stale statistics instead of current ones because stats collector is not responding
2022-01-17 23:10:18.546 +03 [5904] LOG:  using stale statistics instead of current ones because stats collector is not responding
2022-01-17 23:10:30.448 +03 [6164] LOG:  using stale statistics instead of current ones because stats collector is not responding
2022-01-17 23:10:48.935 +03 [5904] LOG:  using stale statistics instead of current ones because stats collector is not responding
2022-01-17 23:10:59.655 +03 [10148] LOG:  using stale statistics instead of current ones because stats collector is not responding
2022-01-17 23:11:18.593 +03 [5904] LOG:  using stale statistics instead of current ones because stats collector is not responding
2022-01-17 23:11:30.047 +03 [9208] LOG:  using stale statistics instead of current ones because stats collector is not responding
2022-01-17 23:11:49.136 +03 [5904] LOG:  using stale statistics instead of current ones because stats collector is not responding
2022-01-17 23:12:00.068 +03 [12036] LOG:  using stale statistics instead of current ones because stats collector is not responding
2022-01-17 23:12:18.935 +03 [5904] LOG:  using stale statistics instead of current ones because stats collector is not responding
2022-01-17 23:12:30.067 +03 [5756] LOG:  using stale statistics instead of current ones because stats collector is not responding
2022-01-17 23:12:48.999 +03 [5904] LOG:  using stale statistics instead of current ones because stats collector is not responding
2022-01-17 23:12:59.962 +03 [7888] LOG:  using stale statistics instead of current ones because stats collector is not responding
2022-01-17 23:13:19.284 +03 [5904] LOG:  using stale statistics instead of current ones because stats collector is not responding
2022-01-17 23:13:30.300 +03 [2188] LOG:  using stale statistics instead of current ones because stats collector is not responding
2022-01-17 23:13:49.662 +03 [5904] LOG:  using stale statistics instead of current ones because stats collector is not responding
2022-01-17 23:14:00.225 +03 [10956] LOG:  using stale statistics instead of current ones because stats collector is not responding
2022-01-17 23:14:19.430 +03 [5904] LOG:  using stale statistics instead of current ones because stats collector is not responding
2022-01-17 23:14:30.628 +03 [272] LOG:  using stale statistics instead of current ones because stats collector is not responding
2022-01-17 23:14:49.329 +03 [5904] LOG:  using stale statistics instead of current ones because stats collector is not responding
2022-01-17 23:15:00.483 +03 [12564] LOG:  using stale statistics instead of current ones because stats collector is not responding
2022-01-17 23:15:19.171 +03 [5904] LOG:  using stale statistics instead of current ones because stats collector is not responding
2022-01-17 23:15:30.091 +03 [12416] LOG:  using stale statistics instead of current ones because stats collector is not responding
2022-01-17 23:15:49.209 +03 [5904] LOG:  using stale statistics instead of current ones because stats collector is not responding
2022-01-17 23:16:00.395 +03 [11400] LOG:  using stale statistics instead of current ones because stats collector is not responding
2022-01-17 23:16:19.279 +03 [5904] LOG:  using stale statistics instead of current ones because stats collector is not responding
2022-01-17 23:16:30.376 +03 [2144] LOG:  using stale statistics instead of current ones because stats collector is not responding
2022-01-17 23:16:49.283 +03 [5904] LOG:  using stale statistics instead of current ones because stats collector is not responding
2022-01-17 23:17:00.446 +03 [7136] LOG:  using stale statistics instead of current ones because stats collector is not responding
2022-01-17 23:17:19.184 +03 [5904] LOG:  using stale statistics instead of current ones because stats collector is not responding
2022-01-17 23:17:30.132 +03 [5032] LOG:  using stale statistics instead of current ones because stats collector is not responding
2022-01-17 23:17:49.294 +03 [5904] LOG:  using stale statistics instead of current ones because stats collector is not responding
2022-01-17 23:18:00.318 +03 [3052] LOG:  using stale statistics instead of current ones because stats collector is not responding
2022-01-17 23:18:19.650 +03 [5904] LOG:  using stale statistics instead of current ones because stats collector is not responding
2022-01-17 23:18:30.716 +03 [7112] LOG:  using stale statistics instead of current ones because stats collector is not responding
2022-01-17 23:18:49.750 +03 [5904] LOG:  using stale statistics instead of current ones because stats collector is not responding
2022-01-17 23:19:00.843 +03 [8604] LOG:  using stale statistics instead of current ones because stats collector is not responding
2022-01-17 23:19:19.709 +03 [5904] LOG:  using stale statistics instead of current ones because stats collector is not responding
2022-01-17 23:19:30.256 +03 [12844] LOG:  using stale statistics instead of current ones because stats collector is not responding
2022-01-17 23:19:49.174 +03 [5904] LOG:  using stale statistics instead of current ones because stats collector is not responding
2022-01-17 23:19:59.822 +03 [3436] LOG:  using stale statistics instead of current ones because stats collector is not responding
